/bin/bash: ./batchfile_overfitting_cuda_L400_multiple_layers.sh: Permission denied

------------------------------------------------------------
Sender: LSF System <lsfadmin@hpc.dtu.dk>
Subject: Job 14884116: <NONAME> in cluster <dcc> Exited

Job <NONAME> was submitted from host <n-62-20-1> by user <s194119> in cluster <dcc> at Sat Nov 26 10:21:12 2022
Job was executed on host(s) <n-62-31-21>, in queue <hpc>, as user <s194119> in cluster <dcc> at Sat Nov 26 10:21:14 2022
</zhome/ba/f/147212> was used as the home directory.
</zhome/ba/f/147212/BA/eyeFormer_ViT_t/timm_scripts> was used as the working directory.
Started at Sat Nov 26 10:21:14 2022
Terminated at Sat Nov 26 10:21:15 2022
Results reported at Sat Nov 26 10:21:15 2022

Your job looked like:

------------------------------------------------------------
# LSBATCH: User input
batchfile_overfitting_cuda_L400_multiple_layers.sh
------------------------------------------------------------

Exited with exit code 126.

Resource usage summary:

    CPU time :                                   0.27 sec.
    Max Memory :                                 -
    Average Memory :                             -
    Total Requested Memory :                     1024.00 MB
    Delta Memory :                               -
    Max Swap :                                   -
    Max Processes :                              -
    Max Threads :                                -
    Run time :                                   18 sec.
    Turnaround time :                            3 sec.

The output (if any) is above this job summary.

