/bin/bash: ./bsub_no_overfit_large.sh: Permission denied

------------------------------------------------------------
Sender: LSF System <lsfadmin@hpc.dtu.dk>
Subject: Job 14956605: <NONAME> in cluster <dcc> Exited

Job <NONAME> was submitted from host <n-62-20-1> by user <s194119> in cluster <dcc> at Wed Nov 30 12:30:35 2022
Job was executed on host(s) <n-62-31-5>, in queue <hpc>, as user <s194119> in cluster <dcc> at Wed Nov 30 12:30:36 2022
</zhome/ba/f/147212> was used as the home directory.
</zhome/ba/f/147212/BA/eyeFormer_ViT_t/timm_scripts> was used as the working directory.
Started at Wed Nov 30 12:30:36 2022
Terminated at Wed Nov 30 12:30:36 2022
Results reported at Wed Nov 30 12:30:36 2022

Your job looked like:

------------------------------------------------------------
# LSBATCH: User input
bsub_no_overfit_large.sh
------------------------------------------------------------

Exited with exit code 126.

Resource usage summary:

    CPU time :                                   0.35 sec.
    Max Memory :                                 -
    Average Memory :                             -
    Total Requested Memory :                     1024.00 MB
    Delta Memory :                               -
    Max Swap :                                   -
    Max Processes :                              -
    Max Threads :                                -
    Run time :                                   49 sec.
    Turnaround time :                            1 sec.

The output (if any) is above this job summary.

