FOUND DEVICE:  cuda:0
Total length is:  6270
Overwrote trainloader with overfit-set of length 354
Valloader of constant length 58
-----------------------------------------------------------------------------
Model parameters:
 tL: 354
 vL: 58
lrf: 1
NEPOCHS: 500
 num_warmup: 7138
 Dropout: 0.0
 Beta: 1
 NHEADS: 1
 NLAYERS: 1 
 BATCH-SIZE: 8
ACTUAL TRAINLOADER LENS 45 354
Created subdir in:  /zhome/ba/f/147212/BA/eyeFormer_ViT_t/timm_scripts/all_classes/L_354_nL_1_nH_1/
Saved loss results to:  /zhome/ba/f/147212/BA/eyeFormer_ViT_t/timm_scripts/all_classes/L_354_nL_1_nH_1/all_classes_result_losses.pth
Saved accuracy results to:  /zhome/ba/f/147212/BA/eyeFormer_ViT_t/timm_scripts/all_classes/L_354_nL_1_nH_1/all_classes_result_acc.pth
Created subdir in:  /zhome/ba/f/147212/BA/eyeFormer_ViT_t/timm_scripts/all_classes/L_354_nL_1_nH_1/result/
Wrote epoch IOU's to scratch in : /zhome/ba/f/147212/BA/eyeFormer_ViT_t/timm_scripts/all_classes/L_354_nL_1_nH_1/result/
Saved loss results to:  /zhome/ba/f/147212/BA/eyeFormer_ViT_t/timm_scripts/all_classes/L_354_nL_1_nH_1/all_classes_val_losses.pth
Saved accuracy results to:  /zhome/ba/f/147212/BA/eyeFormer_ViT_t/timm_scripts/all_classes/L_354_nL_1_nH_1/all_classes_val_acc.pth

Wrote train-val-split to scratch.

Entered evaluation-phase.
Model parameters:
 tL: 354
 vL: 58
lrf: 1
 num_warmup: 7138
 Dropout: 0.0
 Beta: 1
 NHEADS: 1
 NLAYERS: 1
 BATCH-SIZE: 8
Evaluating overfit on ALL 354 train instances
Filename: ['motorbike_2009_004801.jpg', 'dog_2009_003194.jpg', 'sofa_2009_004099.jpg', 'horse_2010_003714.jpg', 'aeroplane_2009_000500.jpg', 'cat_2010_002693.jpg', 'bicycle_2009_003519.jpg', 'bicycle_2008_008095.jpg']
 Target: tensor([[0.5540, 0.4341, 0.7220, 0.6587],
        [0.0020, 0.0691, 0.8800, 0.9820],
        [0.5240, 0.0030, 1.0000, 1.0000],
        [0.1220, 0.0200, 0.3980, 0.7867],
        [0.0020, 0.2829, 1.0000, 0.7395],
        [0.2373, 0.2880, 0.5733, 0.7020],
        [0.1480, 0.1760, 0.8440, 1.0000],
        [0.5720, 0.3493, 0.8460, 0.8240]], dtype=torch.float64)
 Prediction: tensor([[ 0.5324,  0.4384,  0.7260,  0.6812],
        [ 0.0065,  0.0795,  0.8682,  0.9684],
        [ 0.5300,  0.0078,  1.0074,  0.9941],
        [ 0.1202,  0.0274,  0.3956,  0.7824],
        [-0.0169,  0.2894,  1.0083,  0.7417],
        [ 0.2326,  0.3013,  0.5732,  0.7098],
        [ 0.1430,  0.1816,  0.8420,  1.0039],
        [ 0.5870,  0.3516,  0.8537,  0.8302]], device='cuda:0')
 Loss: 4.410889378759268e-05
 IOU: [0.7755252558872477, 0.9555908309513973, 0.9620110336823897, 0.9701120919514734, 0.9554414645166784, 0.9365847916250908, 0.9786084784935922, 0.9041536986569279]
Filename: ['dog_2010_000127.jpg', 'dog_2009_004581.jpg', 'horse_2008_008487.jpg', 'boat_2008_004636.jpg', 'motorbike_2010_000433.jpg', 'sofa_2010_001962.jpg', 'sofa_2009_001631.jpg', 'horse_2010_005338.jpg']
 Target: tensor([[0.1360, 0.0560, 0.9573, 0.7720],
        [0.2500, 0.2987, 0.6780, 0.5733],
        [0.1420, 0.4453, 0.4700, 0.8747],
        [0.0020, 0.4640, 0.6600, 1.0000],
        [0.0620, 0.0967, 0.5140, 0.9789],
        [0.0340, 0.2455, 1.0000, 1.0000],
        [0.0020, 0.4565, 0.3520, 0.8078],
        [0.0120, 0.1046, 0.9220, 1.0000]], dtype=torch.float64)
 Prediction: tensor([[ 0.1463,  0.0631,  0.9588,  0.7361],
        [ 0.2602,  0.2977,  0.6808,  0.5631],
        [ 0.1173,  0.4542,  0.4639,  0.8800],
        [-0.0153,  0.4928,  0.6546,  0.9953],
        [ 0.0634,  0.1016,  0.5120,  0.9698],
        [ 0.0376,  0.2531,  0.9838,  0.9967],
        [-0.0100,  0.4562,  0.3521,  0.8073],
        [ 0.0063,  0.1005,  0.9255,  1.0059]], device='cuda:0')
 Loss: 6.718161358225405e-05
 IOU: [0.9266309047338683, 0.9308906977471484, 0.8841713126256264, 0.9073773056578076, 0.9767346283474823, 0.9654562392016952, 0.9646634763003309, 0.979054915537792]
Filename: ['boat_2008_003989.jpg', 'horse_2008_004175.jpg', 'cat_2008_003052.jpg', 'cow_2011_001708.jpg', 'dog_2009_000923.jpg', 'aeroplane_2009_004620.jpg', 'horse_2011_000043.jpg', 'dog_2009_004082.jpg']
 Target: tensor([[0.2720, 0.2907, 0.7620, 0.7227],
        [0.2600, 0.2384, 0.5500, 0.7682],
        [0.0500, 0.0027, 0.8540, 0.7280],
        [0.2053, 0.3600, 0.6747, 0.8400],
        [0.3724, 0.2860, 1.0000, 1.0000],
        [0.0200, 0.1840, 0.9720, 0.8347],
        [0.0871, 0.0340, 0.9940, 0.9900],
        [0.3460, 0.3814, 0.5760, 0.7778]], dtype=torch.float64)
 Prediction: tensor([[0.2593, 0.2992, 0.7604, 0.7235],
        [0.2522, 0.2499, 0.5547, 0.7607],
        [0.0485, 0.0055, 0.8587, 0.7255],
        [0.2046, 0.3604, 0.6708, 0.8464],
        [0.3699, 0.2986, 0.9972, 1.0058],
        [0.0084, 0.1887, 0.9774, 0.8424],
        [0.0909, 0.0370, 0.9948, 0.9900],
        [0.3636, 0.3831, 0.5659, 0.7790]], device='cuda:0')
 Loss: 2.3401232766912724e-05
 IOU: [0.951005169206024, 0.9256425123789062, 0.9851194292953003, 0.9762523479130399, 0.966396712538295, 0.9639360409466875, 0.9918330319124736, 0.8733316202577818]
Filename: ['sofa_2009_001241.jpg', 'horse_2011_002730.jpg', 'bicycle_2011_002150.jpg', 'cat_2010_004822.jpg', 'diningtable_2009_003961.jpg', 'cat_2008_001741.jpg', 'sofa_2008_001660.jpg', 'boat_2008_003313.jpg']
 Target: tensor([[0.0080, 0.5653, 0.5000, 1.0000],
        [0.3720, 0.4213, 0.6020, 0.6907],
        [0.5180, 0.7760, 0.7540, 0.9920],
        [0.0027, 0.0020, 0.9973, 1.0000],
        [0.2560, 0.5540, 0.6800, 0.8420],
        [0.0120, 0.2691, 0.9000, 0.7704],
        [0.0020, 0.1644, 1.0000, 1.0000],
        [0.0340, 0.3920, 1.0000, 0.6693]], dtype=torch.float64)
 Prediction: tensor([[-0.0023,  0.5782,  0.5015,  0.9975],
        [ 0.3624,  0.4171,  0.6127,  0.7000],
        [ 0.4967,  0.7786,  0.7555,  0.9960],
        [ 0.0049,  0.0122,  0.9925,  0.9906],
        [ 0.2500,  0.5718,  0.6746,  0.8476],
        [ 0.0114,  0.2857,  0.8992,  0.7735],
        [ 0.0046,  0.1888,  0.9949,  0.9959],
        [ 0.0314,  0.4080,  0.9993,  0.6734]], device='cuda:0')
 Loss: 4.550138809443792e-05
 IOU: [0.9427336962137128, 0.8750983426621404, 0.8855189351186628, 0.9734430795344525, 0.8967157354246078, 0.9596939655196948, 0.9584336864875105, 0.925421966742421]
Filename: ['boat_2010_002546.jpg', 'bicycle_2008_005276.jpg', 'cat_2011_001414.jpg', 'motorbike_2011_000220.jpg', 'aeroplane_2010_002638.jpg', 'cat_2010_000469.jpg', 'cow_2011_000109.jpg', 'diningtable_2011_002933.jpg']
 Target: tensor([[0.1180, 0.1484, 0.3460, 0.2196],
        [0.0240, 0.7220, 0.2312, 0.9220],
        [0.0053, 0.1300, 0.7333, 0.7080],
        [0.0020, 0.4805, 0.7160, 1.0000],
        [0.0440, 0.2160, 1.0000, 0.6933],
        [0.0020, 0.0739, 0.9800, 0.9763],
        [0.0800, 0.3904, 0.5920, 0.8468],
        [0.0027, 0.6040, 0.4107, 1.0000]], dtype=torch.float64)
 Prediction: tensor([[ 0.1151,  0.1500,  0.3141,  0.1814],
        [ 0.0027,  0.7229,  0.2441,  0.9262],
        [ 0.0037,  0.1357,  0.7291,  0.6974],
        [-0.0226,  0.5118,  0.6937,  1.0180],
        [ 0.0339,  0.2125,  1.0086,  0.6950],
        [-0.0025,  0.0806,  0.9821,  0.9675],
        [ 0.0681,  0.4030,  0.5822,  0.8549],
        [ 0.0012,  0.6058,  0.4053,  1.0006]], device='cuda:0')
 Loss: 0.00010206325732134858
 IOU: [0.3767264859187397, 0.8369846234256746, 0.9639181093514427, 0.853223442401935, 0.9703019767210748, 0.9763213063557633, 0.9167006490589403, 0.9774621433379777]
Filename: ['aeroplane_2011_002552.jpg', 'diningtable_2011_001106.jpg', 'sofa_2008_001869.jpg', 'diningtable_2010_001181.jpg', 'aeroplane_2009_002393.jpg', 'horse_2009_004262.jpg', 'bicycle_2009_002715.jpg', 'dog_2008_002814.jpg']
 Target: tensor([[0.0020, 0.0030, 0.9220, 0.9608],
        [0.0027, 0.4200, 0.9947, 1.0000],
        [0.6860, 0.5387, 0.9700, 0.8773],
        [0.0060, 0.0533, 1.0000, 1.0000],
        [0.4380, 0.2727, 0.6900, 0.4263],
        [0.4040, 0.0030, 1.0000, 1.0000],
        [0.7335, 0.8540, 1.0000, 1.0000],
        [0.0020, 0.0800, 1.0000, 0.8427]], dtype=torch.float64)
 Prediction: tensor([[-0.0062, -0.0122,  0.9291,  0.9649],
        [-0.0012,  0.4360,  0.9888,  1.0021],
        [ 0.6761,  0.5445,  0.9694,  0.8720],
        [ 0.0086,  0.0585,  0.9946,  0.9953],
        [ 0.4264,  0.2681,  0.6923,  0.4243],
        [ 0.4250, -0.0032,  1.0094,  1.0022],
        [ 0.7231,  0.8852,  1.0167,  1.0282],
        [-0.0048,  0.0758,  1.0031,  0.8427]], device='cuda:0')
 Loss: 6.063639919060757e-05
 IOU: [0.964328057412695, 0.9597169106650008, 0.9335593280178067, 0.9816628996798744, 0.9088344533904693, 0.9421825789944823, 0.6084240640544842, 0.9846421989917298]
Filename: ['aeroplane_2009_003667.jpg', 'horse_2010_005174.jpg', 'aeroplane_2008_000585.jpg', 'aeroplane_2010_002892.jpg', 'dog_2009_003172.jpg', 'aeroplane_2008_004899.jpg', 'cat_2008_005600.jpg', 'motorbike_2008_007313.jpg']
 Target: tensor([[0.0460, 0.1287, 0.9820, 0.8922],
        [0.0340, 0.0747, 0.8180, 0.9840],
        [0.0020, 0.0133, 0.9980, 1.0000],
        [0.3120, 0.3904, 0.6020, 0.6156],
        [0.1300, 0.1662, 0.7560, 0.8416],
        [0.3740, 0.4933, 0.5380, 0.5653],
        [0.1820, 0.2293, 0.5040, 1.0000],
        [0.1320, 0.3213, 0.3960, 0.7568]], dtype=torch.float64)
 Prediction: tensor([[ 0.0460,  0.1292,  0.9856,  0.8935],
        [ 0.0349,  0.0750,  0.8133,  0.9780],
        [-0.0019,  0.0083,  1.0021,  0.9997],
        [ 0.2908,  0.3903,  0.6084,  0.6306],
        [ 0.1222,  0.1708,  0.7527,  0.8367],
        [ 0.3585,  0.4955,  0.5391,  0.5824],
        [ 0.1921,  0.2271,  0.5018,  0.9781],
        [ 0.1171,  0.3319,  0.3793,  0.7564]], device='cuda:0')
 Loss: 4.228423658720488e-05
 IOU: [0.9938990734977979, 0.9858893642626795, 0.9866241034117413, 0.8558772361075587, 0.9689168545290356, 0.7141138056084815, 0.9318489718113404, 0.865283314425543]
Filename: ['diningtable_2011_000919.jpg', 'motorbike_2011_000940.jpg', 'cat_2009_000955.jpg', 'dog_2009_003714.jpg', 'motorbike_2011_002988.jpg', 'bicycle_2008_004654.jpg', 'bicycle_2008_002894.jpg', 'cat_2009_004083.jpg']
 Target: tensor([[0.2440, 0.5360, 0.7500, 1.0000],
        [0.0020, 0.0030, 0.8740, 1.0000],
        [0.1580, 0.0030, 0.8700, 1.0000],
        [0.2853, 0.0240, 0.9700, 0.4640],
        [0.0020, 0.1520, 1.0000, 1.0000],
        [0.1291, 0.4260, 0.5165, 0.9060],
        [0.0860, 0.4639, 0.7760, 1.0000],
        [0.0020, 0.0027, 1.0000, 1.0000]], dtype=torch.float64)
 Prediction: tensor([[ 2.3430e-01,  5.5394e-01,  7.4178e-01,  1.0023e+00],
        [ 1.8135e-03,  6.0719e-03,  8.5175e-01,  9.9350e-01],
        [ 1.5948e-01,  8.1904e-03,  8.6913e-01,  9.9059e-01],
        [ 2.9935e-01,  1.6027e-02,  9.8393e-01,  4.3643e-01],
        [ 3.4968e-03,  1.6956e-01,  9.9554e-01,  1.0034e+00],
        [ 1.0922e-01,  4.4588e-01,  5.1590e-01,  9.1569e-01],
        [ 6.2397e-02,  4.7903e-01,  7.5936e-01,  1.0094e+00],
        [-3.4273e-04,  3.6392e-03,  1.0010e+00,  9.9675e-01]], device='cuda:0')
 Loss: 7.451156703138786e-05
 IOU: [0.9240905212325748, 0.9649177307546791, 0.9820990734720662, 0.8851326706446683, 0.9696058479239907, 0.894067737047199, 0.9023226595688635, 0.9924575502899997]
Filename: ['dog_2010_005206.jpg', 'diningtable_2009_004847.jpg', 'aeroplane_2008_006677.jpg', 'bicycle_2010_003912.jpg', 'sofa_2010_005980.jpg', 'diningtable_2009_004562.jpg', 'cat_2008_006403.jpg', 'boat_2009_004125.jpg']
 Target: tensor([[0.0020, 0.2667, 0.6860, 0.9973],
        [0.1013, 0.1820, 1.0000, 1.0000],
        [0.0960, 0.3934, 0.5500, 0.6246],
        [0.1750, 0.0780, 0.7800, 0.8320],
        [0.5440, 0.7147, 0.9860, 1.0000],
        [0.0020, 0.5787, 0.4380, 1.0000],
        [0.2780, 0.0933, 0.7440, 0.8640],
        [0.0840, 0.3813, 0.6140, 0.7013]], dtype=torch.float64)
 Prediction: tensor([[0.0108, 0.2886, 0.6741, 0.9939],
        [0.1033, 0.1930, 0.9945, 1.0016],
        [0.0757, 0.4068, 0.5522, 0.6423],
        [0.1777, 0.0792, 0.7783, 0.8246],
        [0.5120, 0.7293, 0.9750, 1.0024],
        [0.0051, 0.5801, 0.4381, 0.9938],
        [0.2784, 0.1035, 0.7468, 0.8615],
        [0.0675, 0.4078, 0.6145, 0.7104]], device='cuda:0')
 Loss: 6.931621259509326e-05
 IOU: [0.9360183849789101, 0.9765136707244372, 0.8356716021986627, 0.9813847305694127, 0.8587425618594968, 0.9746800521532905, 0.9770233793409443, 0.8663704396712975]
Filename: ['aeroplane_2008_003788.jpg', 'cat_2009_000716.jpg', 'cow_2010_002905.jpg', 'cat_2008_005977.jpg', 'bicycle_2008_008131.jpg', 'cat_2010_005072.jpg', 'aeroplane_2008_008300.jpg', 'bicycle_2009_001558.jpg']
 Target: tensor([[0.0260, 0.2583, 0.9760, 0.7087],
        [0.1300, 0.1840, 0.9360, 0.8853],
        [0.1547, 0.1300, 1.0000, 1.0000],
        [0.0540, 0.0691, 0.9060, 0.8739],
        [0.0220, 0.1093, 0.8900, 1.0000],
        [0.3680, 0.3813, 0.5840, 0.5253],
        [0.0500, 0.3874, 0.6960, 0.6186],
        [0.2560, 0.0020, 0.8293, 1.0000]], dtype=torch.float64)
 Prediction: tensor([[0.0148, 0.2586, 0.9846, 0.7133],
        [0.1299, 0.2003, 0.9313, 0.8715],
        [0.1618, 0.1311, 1.0047, 1.0060],
        [0.0548, 0.0775, 0.9073, 0.8675],
        [0.0202, 0.1096, 0.8848, 1.0009],
        [0.3714, 0.3827, 0.5859, 0.5241],
        [0.0340, 0.3951, 0.6834, 0.6133],
        [0.2496, 0.0147, 0.8277, 0.9921]], device='cuda:0')
 Loss: 2.7266834756644456e-05
 IOU: [0.9690696956362086, 0.9513429188369998, 0.9780340510601132, 0.9790946273611685, 0.9906178908139661, 0.958321395685348, 0.9041134826332247, 0.9660090373747499]
Filename: ['bicycle_2011_000600.jpg', 'sofa_2010_000922.jpg', 'motorbike_2008_007485.jpg', 'diningtable_2011_001366.jpg', 'sofa_2008_002922.jpg', 'sofa_2011_003039.jpg', 'cow_2008_007123.jpg', 'horse_2008_008052.jpg']
 Target: tensor([[0.9440, 0.1898, 1.0000, 0.4307],
        [0.0023, 0.3292, 0.9908, 0.9853],
        [0.3280, 0.3153, 0.6620, 0.8679],
        [0.2680, 0.3147, 0.7920, 0.9467],
        [0.0020, 0.1261, 1.0000, 1.0000],
        [0.2020, 0.3680, 0.7800, 0.7627],
        [0.2780, 0.4107, 0.7400, 0.7840],
        [0.0020, 0.2345, 0.8740, 1.0000]], dtype=torch.float64)
 Prediction: tensor([[ 9.4787e-01,  1.8625e-01,  1.0101e+00,  4.2339e-01],
        [-2.2030e-03,  3.2901e-01,  9.8645e-01,  9.8793e-01],
        [ 3.2785e-01,  3.1833e-01,  6.5534e-01,  8.6634e-01],
        [ 2.5219e-01,  3.2533e-01,  7.8491e-01,  9.4897e-01],
        [ 1.9318e-04,  1.2388e-01,  1.0057e+00,  1.0038e+00],
        [ 2.1043e-01,  3.7411e-01,  7.6825e-01,  7.6800e-01],
        [ 2.6410e-01,  4.1431e-01,  7.3806e-01,  7.8914e-01],
        [-4.6771e-03,  2.4131e-01,  8.7712e-01,  1.0087e+00]], device='cuda:0')
 Loss: 2.26152498210771e-05
 IOU: [0.7582612249322324, 0.9867544368287688, 0.9715770234894009, 0.938518226983811, 0.9856565942275614, 0.937904319949124, 0.9446008970501278, 0.9691399214321764]
Filename: ['dog_2010_000072.jpg', 'cat_2008_004688.jpg', 'dog_2010_000926.jpg', 'aeroplane_2009_003033.jpg', 'horse_2008_005791.jpg', 'diningtable_2009_004974.jpg', 'horse_2008_008403.jpg', 'boat_2011_002588.jpg']
 Target: tensor([[0.2340, 0.1547, 0.8740, 1.0000],
        [0.0020, 0.0030, 1.0000, 1.0000],
        [0.0020, 0.0030, 0.8060, 0.9307],
        [0.2120, 0.3483, 0.8660, 0.6276],
        [0.0111, 0.3139, 0.9267, 0.9611],
        [0.0036, 0.3360, 1.0000, 1.0000],
        [0.2240, 0.0882, 0.5000, 1.0000],
        [0.0840, 0.0027, 1.0000, 1.0000]], dtype=torch.float64)
 Prediction: tensor([[ 2.3291e-01,  1.5829e-01,  8.7874e-01,  1.0080e+00],
        [-4.5315e-03,  2.5381e-03,  1.0046e+00,  1.0003e+00],
        [ 6.6793e-04,  7.0630e-03,  7.9839e-01,  9.2360e-01],
        [ 2.0447e-01,  3.5788e-01,  8.7215e-01,  6.3669e-01],
        [ 7.3077e-03,  3.3344e-01,  9.2584e-01,  9.6299e-01],
        [-2.8330e-03,  3.5380e-01,  9.9974e-01,  1.0008e+00],
        [ 2.2413e-01,  9.6851e-02,  4.8827e-01,  9.9498e-01],
        [ 8.3490e-02, -2.2191e-03,  1.0046e+00,  9.9944e-01]], device='cuda:0')
 Loss: 2.5023237778022865e-05
 IOU: [0.9775001449203766, 0.9881822361184975, 0.9770106067944638, 0.9169619745891893, 0.962233909958626, 0.9657351089082937, 0.9427229334996107, 0.9890889032021924]
Filename: ['motorbike_2008_004703.jpg', 'dog_2010_005885.jpg', 'aeroplane_2011_000975.jpg', 'cat_2009_000284.jpg', 'motorbike_2008_008497.jpg', 'diningtable_2010_000174.jpg', 'cat_2008_007260.jpg', 'motorbike_2008_005593.jpg']
 Target: tensor([[0.0020, 0.3627, 0.3160, 0.6667],
        [0.4100, 0.2587, 0.7900, 0.9973],
        [0.0020, 0.1227, 0.8560, 0.9947],
        [0.1729, 0.0600, 0.7176, 1.0000],
        [0.0840, 0.0933, 0.8480, 0.9413],
        [0.0020, 0.8267, 0.9040, 0.9973],
        [0.0020, 0.3520, 1.0000, 1.0000],
        [0.8100, 0.4107, 0.9420, 0.6373]], dtype=torch.float64)
 Prediction: tensor([[-2.3110e-02,  3.8155e-01,  3.0681e-01,  6.8856e-01],
        [ 4.1648e-01,  2.6461e-01,  7.9068e-01,  1.0061e+00],
        [ 9.9418e-04,  1.3929e-01,  8.5136e-01,  9.9371e-01],
        [ 1.7793e-01,  6.6568e-02,  7.1017e-01,  9.9262e-01],
        [ 8.8996e-02,  1.0440e-01,  8.3231e-01,  9.4226e-01],
        [-1.9789e-02,  8.4667e-01,  8.9973e-01,  1.0060e+00],
        [-1.5648e-02,  3.8438e-01,  1.0103e+00,  1.0023e+00],
        [ 8.1657e-01,  4.1462e-01,  9.4898e-01,  6.3113e-01]], device='cuda:0')
 Loss: 8.065478629372928e-05
 IOU: [0.7912322974250757, 0.9621347277032456, 0.9733904336848967, 0.9626774934220526, 0.9592026544765252, 0.818745949935943, 0.9221190537405469, 0.863969690892368]
Filename: ['bicycle_2009_000445.jpg', 'diningtable_2010_005884.jpg', 'dog_2011_002766.jpg', 'aeroplane_2009_001851.jpg', 'cat_2008_006810.jpg', 'dog_2010_005434.jpg', 'horse_2011_001253.jpg', 'cow_2009_000731.jpg']
 Target: tensor([[0.1360, 0.0523, 0.9160, 0.9692],
        [0.0280, 0.7027, 1.0000, 1.0000],
        [0.3900, 0.2267, 0.6780, 0.5627],
        [0.0760, 0.2997, 0.9300, 0.7395],
        [0.0020, 0.0637, 0.8320, 1.0000],
        [0.2060, 0.0480, 1.0000, 0.9973],
        [0.1080, 0.2540, 1.0000, 0.8980],
        [0.1040, 0.0030, 1.0000, 1.0000]], dtype=torch.float64)
 Prediction: tensor([[0.1428, 0.0562, 0.9196, 0.9746],
        [0.0111, 0.7231, 1.0028, 1.0144],
        [0.3865, 0.2261, 0.6756, 0.5513],
        [0.0586, 0.3089, 0.9368, 0.7515],
        [0.0039, 0.0723, 0.8277, 0.9902],
        [0.2084, 0.0549, 0.9992, 0.9960],
        [0.0961, 0.2583, 0.9993, 0.8978],
        [0.0945, 0.0025, 1.0022, 0.9980]], device='cuda:0')
 Loss: 3.5166899282360426e-05
 IOU: [0.9769727277271049, 0.8718799325688527, 0.9455133912672835, 0.9272475802976222, 0.9730166462885345, 0.9874444863387494, 0.9792059332651499, 0.984689153356096]
Filename: ['cat_2011_002031.jpg', 'cow_2008_008169.jpg', 'motorbike_2011_000285.jpg', 'cat_2010_003481.jpg', 'dog_2010_004749.jpg', 'sofa_2010_006073.jpg', 'boat_2008_005517.jpg', 'dog_2008_003645.jpg']
 Target: tensor([[0.2600, 0.4693, 0.4340, 0.7013],
        [0.0020, 0.0433, 0.9020, 1.0000],
        [0.5480, 0.4745, 0.6740, 0.6607],
        [0.6540, 0.5766, 1.0000, 0.9970],
        [0.0020, 0.0027, 1.0000, 1.0000],
        [0.2240, 0.4133, 0.7160, 0.6933],
        [0.3100, 0.0060, 0.6120, 0.6396],
        [0.0100, 0.1329, 0.8720, 0.9916]], dtype=torch.float64)
 Prediction: tensor([[ 2.5259e-01,  4.6949e-01,  4.3427e-01,  7.0379e-01],
        [ 1.4114e-04,  4.4403e-02,  8.9392e-01,  9.9517e-01],
        [ 5.3175e-01,  4.7186e-01,  6.7758e-01,  6.7594e-01],
        [ 6.3297e-01,  5.9109e-01,  9.9924e-01,  1.0077e+00],
        [-4.2505e-03, -7.3710e-03,  1.0137e+00,  1.0025e+00],
        [ 2.2634e-01,  4.1785e-01,  7.1498e-01,  6.8231e-01],
        [ 3.2900e-01,  1.5087e-02,  6.1158e-01,  6.2067e-01],
        [ 1.2572e-02,  1.5053e-01,  8.5382e-01,  9.8481e-01]], device='cuda:0')
 Loss: 5.338979474850671e-05
 IOU: [0.9471068611308536, 0.9828954495942177, 0.7882604300860274, 0.8874688325474323, 0.968282398693325, 0.9380498181042575, 0.8942967559578039, 0.948223410105164]
Filename: ['dog_2009_003262.jpg', 'cat_2008_000306.jpg', 'dog_2008_007274.jpg', 'dog_2010_000639.jpg', 'sofa_2009_004165.jpg', 'cat_2010_000692.jpg', 'dog_2010_001355.jpg', 'cat_2008_005072.jpg']
 Target: tensor([[0.0660, 0.0362, 0.6720, 0.7895],
        [0.1520, 0.1300, 1.0000, 0.7680],
        [0.0020, 0.0027, 1.0000, 1.0000],
        [0.2380, 0.4293, 0.4600, 0.9173],
        [0.0720, 0.6527, 0.5340, 1.0000],
        [0.1480, 0.0293, 0.7100, 0.9893],
        [0.4985, 0.5960, 0.6806, 0.7340],
        [0.0020, 0.4425, 0.5420, 0.9450]], dtype=torch.float64)
 Prediction: tensor([[ 6.4062e-02,  4.8316e-02,  6.6517e-01,  7.8662e-01],
        [ 1.4593e-01,  1.3035e-01,  1.0004e+00,  7.5943e-01],
        [ 4.0597e-04,  4.3125e-03,  1.0019e+00,  9.9716e-01],
        [ 2.3754e-01,  4.2894e-01,  4.6294e-01,  9.2762e-01],
        [ 5.9452e-02,  6.6800e-01,  5.1873e-01,  1.0054e+00],
        [ 1.5693e-01,  2.7701e-02,  6.9099e-01,  9.7817e-01],
        [ 4.8673e-01,  5.9001e-01,  6.7661e-01,  7.3945e-01],
        [-9.1321e-03,  4.5390e-01,  5.3353e-01,  9.5268e-01]], device='cuda:0')
 Loss: 3.55475451216979e-05
 IOU: [0.9660326303762241, 0.9787101721243039, 0.992075614633554, 0.9637766964097914, 0.8875980774529322, 0.9377268085288399, 0.8496892155504646, 0.9289936498480809]
Filename: ['dog_2009_000778.jpg', 'bicycle_2008_003072.jpg', 'diningtable_2008_008402.jpg', 'cat_2009_002972.jpg', 'horse_2010_000095.jpg', 'motorbike_2009_002434.jpg', 'aeroplane_2008_008507.jpg', 'dog_2008_005363.jpg']
 Target: tensor([[0.2257, 0.0220, 0.8599, 0.8820],
        [0.4747, 0.4600, 0.5307, 0.5140],
        [0.0940, 0.5066, 0.3920, 0.9947],
        [0.1820, 0.3307, 0.9340, 0.8293],
        [0.4347, 0.2540, 0.8027, 0.6540],
        [0.2620, 0.1200, 1.0000, 1.0000],
        [0.1200, 0.0961, 0.9480, 0.6987],
        [0.3120, 0.3067, 0.7100, 0.7947]], dtype=torch.float64)
 Prediction: tensor([[0.2203, 0.0188, 0.8617, 0.8527],
        [0.4629, 0.4586, 0.5470, 0.5304],
        [0.0944, 0.4986, 0.3856, 0.9915],
        [0.1803, 0.3392, 0.9368, 0.8262],
        [0.4270, 0.2531, 0.8077, 0.6607],
        [0.2687, 0.1184, 1.0075, 1.0065],
        [0.1158, 0.0980, 0.9566, 0.6885],
        [0.3118, 0.3183, 0.7113, 0.7940]], device='cuda:0')
 Loss: 3.743403159943915e-05
 IOU: [0.9519621892890262, 0.5007540663619618, 0.9555192739210053, 0.9710340631112434, 0.94854856904283, 0.9720628286491529, 0.9652098718365782, 0.9711727981436601]
Filename: ['horse_2009_001036.jpg', 'boat_2010_002702.jpg', 'dog_2011_002298.jpg', 'bicycle_2008_008092.jpg', 'aeroplane_2010_005184.jpg', 'bicycle_2011_002281.jpg', 'boat_2010_000679.jpg', 'diningtable_2009_003973.jpg']
 Target: tensor([[0.1020, 0.2745, 0.8580, 0.7199],
        [0.1540, 0.1947, 0.9740, 0.6587],
        [0.0020, 0.2080, 0.7360, 0.8880],
        [0.5020, 0.6080, 0.5780, 0.7040],
        [0.1060, 0.3200, 0.7000, 0.6453],
        [0.5960, 0.4360, 0.8640, 0.8680],
        [0.1917, 0.3883, 0.3908, 0.5808],
        [0.2540, 0.5027, 0.6920, 1.0000]], dtype=torch.float64)
 Prediction: tensor([[ 0.0981,  0.2884,  0.8490,  0.7032],
        [ 0.1600,  0.1923,  0.9812,  0.6433],
        [-0.0073,  0.2219,  0.7308,  0.8839],
        [ 0.4719,  0.5979,  0.5892,  0.7218],
        [ 0.0896,  0.3180,  0.6724,  0.6204],
        [ 0.5658,  0.4329,  0.8624,  0.8788],
        [ 0.1805,  0.3910,  0.3906,  0.5870],
        [ 0.2414,  0.5126,  0.6855,  1.0028]], device='cuda:0')
 Loss: 9.127492485479291e-05
 IOU: [0.9158232599884132, 0.9469192015330128, 0.9549806010622393, 0.5024355198994153, 0.8537689631796446, 0.8655548140019125, 0.9036839417265908, 0.9338164164845236]
Filename: ['horse_2009_003565.jpg', 'sofa_2010_004409.jpg', 'dog_2008_002436.jpg', 'motorbike_2010_005731.jpg', 'dog_2010_001838.jpg', 'dog_2010_004366.jpg', 'sofa_2010_000691.jpg', 'dog_2009_004483.jpg']
 Target: tensor([[0.0780, 0.2640, 0.7060, 0.9200],
        [0.0120, 0.1124, 0.9900, 0.9747],
        [0.2220, 0.1653, 0.7400, 0.9787],
        [0.0760, 0.0985, 0.9260, 0.9433],
        [0.0020, 0.0208, 0.9840, 0.9250],
        [0.0180, 0.1680, 1.0000, 0.6987],
        [0.7820, 0.4880, 1.0000, 0.8027],
        [0.0020, 0.0080, 1.0000, 1.0000]], dtype=torch.float64)
 Prediction: tensor([[0.0772, 0.2688, 0.6985, 0.9239],
        [0.0228, 0.1245, 0.9799, 0.9693],
        [0.2400, 0.1792, 0.7294, 0.9729],
        [0.0819, 0.1094, 0.9184, 0.9447],
        [0.0079, 0.0241, 0.9856, 0.9135],
        [0.0213, 0.1750, 0.9959, 0.6926],
        [0.7546, 0.4784, 0.9809, 0.7807],
        [0.0044, 0.0159, 0.9957, 0.9935]], device='cuda:0')
 Loss: 5.4417816086129796e-05
 IOU: [0.9738078638741854, 0.9586772371030372, 0.9220135307579833, 0.9699231719108286, 0.9761999046692136, 0.9678708709341374, 0.7386873862366942, 0.978785702366053]
Filename: ['boat_2010_004081.jpg', 'sofa_2008_000704.jpg', 'bicycle_2011_003003.jpg', 'sofa_2010_003717.jpg', 'bicycle_2009_003469.jpg', 'dog_2008_004653.jpg', 'dog_2010_001154.jpg', 'aeroplane_2010_004888.jpg']
 Target: tensor([[0.0600, 0.6027, 0.6580, 0.7680],
        [0.2720, 0.5134, 0.7940, 1.0000],
        [0.0780, 0.3093, 0.8420, 0.9413],
        [0.0680, 0.0027, 0.9960, 0.6453],
        [0.0660, 0.0301, 0.9180, 0.9367],
        [0.0420, 0.1111, 0.9580, 1.0000],
        [0.1680, 0.0347, 0.7860, 1.0000],
        [0.1700, 0.0721, 0.8140, 0.9520]], dtype=torch.float64)
 Prediction: tensor([[ 0.0440,  0.6224,  0.6477,  0.7702],
        [ 0.2462,  0.5330,  0.7776,  1.0051],
        [ 0.0752,  0.3244,  0.8316,  0.9530],
        [ 0.0710, -0.0021,  1.0001,  0.6355],
        [ 0.0599,  0.0229,  0.9243,  0.9363],
        [ 0.0392,  0.1105,  0.9563,  1.0022],
        [ 0.1678,  0.0474,  0.7898,  0.9864],
        [ 0.1625,  0.0697,  0.8222,  0.9553]], device='cuda:0')
 Loss: 5.260293699813248e-05
 IOU: [0.834581494684003, 0.8784554441191694, 0.942428557124048, 0.9701817719884781, 0.9774579900255435, 0.9920072778391986, 0.9666602697152169, 0.9698886912595956]
Filename: ['dog_2008_000788.jpg', 'diningtable_2011_002163.jpg', 'sofa_2009_000375.jpg', 'boat_2009_005268.jpg', 'dog_2010_005738.jpg', 'cat_2010_005821.jpg', 'dog_2008_007131.jpg', 'cat_2008_001374.jpg']
 Target: tensor([[0.0030, 0.1540, 0.9102, 1.0000],
        [0.4240, 0.2192, 0.8940, 0.7477],
        [0.0030, 0.7660, 0.6024, 1.0000],
        [0.1441, 0.8240, 0.2583, 0.9140],
        [0.0020, 0.0030, 0.9720, 0.8318],
        [0.1805, 0.0275, 0.9023, 0.6075],
        [0.1800, 0.1147, 0.6960, 1.0000],
        [0.0020, 0.0895, 0.9840, 0.8946]], dtype=torch.float64)
 Prediction: tensor([[ 2.6264e-03,  1.5527e-01,  9.1020e-01,  9.9579e-01],
        [ 4.3091e-01,  2.2485e-01,  8.9472e-01,  7.4772e-01],
        [-9.1043e-03,  7.9218e-01,  6.0957e-01,  1.0105e+00],
        [ 1.2059e-01,  8.1807e-01,  2.5933e-01,  9.1340e-01],
        [-2.3360e-03,  9.7126e-04,  9.7720e-01,  8.2524e-01],
        [ 1.7486e-01,  2.3898e-02,  9.1433e-01,  5.9409e-01],
        [ 1.8412e-01,  1.2007e-01,  6.8541e-01,  9.9773e-01],
        [-6.4109e-03,  9.2516e-02,  9.9124e-01,  8.9084e-01]], device='cuda:0')
 Loss: 3.8418340436001747e-05
 IOU: [0.9930922642578116, 0.9732778644504424, 0.8261562631992686, 0.7672905785194746, 0.9800575657610919, 0.9481737479773885, 0.9630668279283828, 0.9761485036443871]
Filename: ['cat_2010_005143.jpg', 'cat_2009_004705.jpg', 'dog_2008_005272.jpg', 'motorbike_2008_006708.jpg', 'bicycle_2011_001422.jpg', 'boat_2008_001652.jpg', 'dog_2008_003975.jpg', 'sofa_2011_002965.jpg']
 Target: tensor([[0.0027, 0.0020, 0.9973, 0.9460],
        [0.2400, 0.0030, 1.0000, 1.0000],
        [0.0090, 0.2340, 0.9311, 0.9800],
        [0.4140, 0.1111, 0.7640, 0.4895],
        [0.3160, 0.6347, 0.6220, 1.0000],
        [0.0030, 0.2140, 1.0000, 1.0000],
        [0.0020, 0.0030, 1.0000, 0.9970],
        [0.0280, 0.0400, 0.9480, 0.9467]], dtype=torch.float64)
 Prediction: tensor([[ 0.0037,  0.0103,  0.9993,  0.9366],
        [ 0.2350,  0.0085,  1.0025,  0.9979],
        [ 0.0022,  0.2444,  0.9342,  0.9829],
        [ 0.4160,  0.1194,  0.7676,  0.5004],
        [ 0.2987,  0.6529,  0.6176,  1.0068],
        [-0.0034,  0.2267,  1.0030,  1.0009],
        [ 0.0026,  0.0072,  0.9974,  0.9907],
        [ 0.0259,  0.0447,  0.9404,  0.9377]], device='cuda:0')
 Loss: 2.7242265073296918e-05
 IOU: [0.978257995644289, 0.9828778751705234, 0.9718813450648125, 0.9359760066064328, 0.8726944415714408, 0.973641006555127, 0.9863386744097079, 0.9745957605939648]
Filename: ['cat_2010_000675.jpg', 'cat_2008_003114.jpg', 'cat_2010_002602.jpg', 'boat_2009_004078.jpg', 'cow_2009_003542.jpg', 'boat_2009_003010.jpg', 'bicycle_2009_004797.jpg', 'boat_2009_001407.jpg']
 Target: tensor([[0.0145, 0.1260, 0.8295, 0.9380],
        [0.0020, 0.0206, 1.0000, 1.0000],
        [0.3860, 0.2053, 0.7260, 1.0000],
        [0.0300, 0.3387, 1.0000, 0.7333],
        [0.3780, 0.1081, 1.0000, 1.0000],
        [0.2540, 0.0030, 0.6180, 0.8489],
        [0.1000, 0.0400, 0.9460, 0.9840],
        [0.0932, 0.0360, 0.6909, 0.8300]], dtype=torch.float64)
 Prediction: tensor([[0.0195, 0.1375, 0.8287, 0.9276],
        [0.0028, 0.0279, 1.0007, 0.9900],
        [0.3798, 0.2054, 0.7207, 0.9861],
        [0.0048, 0.3692, 1.0179, 0.7273],
        [0.3641, 0.1105, 0.9929, 0.9970],
        [0.2542, 0.0073, 0.6173, 0.8419],
        [0.0975, 0.0415, 0.9531, 0.9840],
        [0.1065, 0.0590, 0.6963, 0.8258]], device='cuda:0')
 Loss: 5.847436439079578e-05
 IOU: [0.9661768043572452, 0.9808515827969438, 0.949918449007547, 0.8720836287564451, 0.9613809230906027, 0.9841894160597203, 0.9872920003988804, 0.936126204991625]
Filename: ['motorbike_2009_003639.jpg', 'cat_2009_001894.jpg', 'cat_2008_006868.jpg', 'cat_2011_001607.jpg', 'motorbike_2010_004854.jpg', 'sofa_2008_002776.jpg', 'cow_2009_003808.jpg', 'dog_2010_001311.jpg']
 Target: tensor([[0.0027, 0.0020, 1.0000, 1.0000],
        [0.0020, 0.0480, 1.0000, 1.0000],
        [0.5500, 0.2480, 0.7420, 0.5760],
        [0.0030, 0.1360, 0.9189, 0.8680],
        [0.3460, 0.1952, 0.6300, 0.4054],
        [0.6500, 0.5946, 1.0000, 1.0000],
        [0.5340, 0.6053, 0.6100, 0.8080],
        [0.1000, 0.0985, 0.9160, 1.0000]], dtype=torch.float64)
 Prediction: tensor([[ 0.0065,  0.0048,  0.9983,  0.9994],
        [-0.0065,  0.0582,  1.0043,  0.9898],
        [ 0.5429,  0.2455,  0.7532,  0.5805],
        [-0.0093,  0.1429,  0.9248,  0.8681],
        [ 0.3470,  0.2108,  0.6261,  0.4182],
        [ 0.6479,  0.6000,  1.0049,  0.9991],
        [ 0.5115,  0.5971,  0.6143,  0.8143],
        [ 0.0972,  0.1053,  0.9148,  0.9932]], device='cuda:0')
 Loss: 3.0833628933508295e-05
 IOU: [0.9910020754933491, 0.9665357571933965, 0.8941428129052401, 0.971255734067137, 0.858209249104723, 0.9655338519443788, 0.6898218036965763, 0.9802183715929502]
Filename: ['motorbike_2010_003635.jpg', 'diningtable_2010_000938.jpg', 'aeroplane_2009_002191.jpg', 'cow_2011_001079.jpg', 'cat_2008_007975.jpg', 'aeroplane_2010_005022.jpg', 'cat_2010_000347.jpg', 'motorbike_2011_002476.jpg']
 Target: tensor([[0.0760, 0.0955, 0.8800, 0.8149],
        [0.0026, 0.2847, 1.0000, 1.0000],
        [0.0380, 0.3440, 0.9380, 0.6667],
        [0.2380, 0.1307, 0.8220, 0.8773],
        [0.0880, 0.0800, 1.0000, 0.6293],
        [0.0220, 0.1892, 0.9820, 0.7057],
        [0.0020, 0.1547, 1.0000, 1.0000],
        [0.5840, 0.4267, 0.7180, 0.6347]], dtype=torch.float64)
 Prediction: tensor([[0.0751, 0.0982, 0.8758, 0.8065],
        [0.0043, 0.2862, 0.9911, 0.9961],
        [0.0322, 0.3521, 0.9365, 0.6803],
        [0.2373, 0.1358, 0.8175, 0.8707],
        [0.0991, 0.0856, 1.0054, 0.6097],
        [0.0204, 0.1919, 0.9798, 0.7090],
        [0.0014, 0.1674, 0.9957, 0.9911],
        [0.5682, 0.4304, 0.7248, 0.6468]], device='cuda:0')
 Loss: 2.9463901929163603e-05
 IOU: [0.9784303294559925, 0.9819776934969534, 0.9280047125905794, 0.9754207583006455, 0.9372047837899858, 0.9846188111269407, 0.9696560939087076, 0.7957757280987152]
Filename: ['dog_2011_001805.jpg', 'dog_2008_001479.jpg', 'cat_2010_001328.jpg', 'aeroplane_2011_000481.jpg', 'horse_2008_004354.jpg', 'dog_2009_000410.jpg', 'horse_2011_001544.jpg', 'motorbike_2009_001151.jpg']
 Target: tensor([[0.1960, 0.3067, 0.6480, 1.0000],
        [0.1760, 0.1680, 0.8500, 0.9840],
        [0.0060, 0.0399, 0.8640, 1.0000],
        [0.3760, 0.2553, 0.6040, 0.6336],
        [0.0280, 0.2771, 0.8580, 0.9253],
        [0.0033, 0.1975, 0.8133, 0.9925],
        [0.0020, 0.1003, 0.8440, 0.9763],
        [0.1580, 0.3003, 0.8860, 0.9520]], dtype=torch.float64)
 Prediction: tensor([[ 0.1917,  0.3174,  0.6393,  0.9911],
        [ 0.1766,  0.1730,  0.8506,  0.9783],
        [ 0.0130,  0.0495,  0.8598,  0.9911],
        [ 0.3643,  0.2507,  0.6073,  0.6362],
        [ 0.0275,  0.3001,  0.8615,  0.9264],
        [-0.0026,  0.2050,  0.8237,  0.9881],
        [ 0.0010,  0.1089,  0.8411,  0.9707],
        [ 0.1643,  0.3271,  0.8666,  0.9579]], device='cuda:0')
 Loss: 4.3808140116884835e-05
 IOU: [0.944135630669135, 0.9852374185374322, 0.9679531066080321, 0.9207900034617396, 0.9584635029733454, 0.9659209961488224, 0.9791681683082367, 0.9170015846189068]
Filename: ['motorbike_2008_000203.jpg', 'diningtable_2009_001398.jpg', 'cat_2009_001450.jpg', 'aeroplane_2008_006896.jpg', 'cow_2008_000073.jpg', 'diningtable_2008_005348.jpg', 'cow_2010_004030.jpg', 'motorbike_2010_002991.jpg']
 Target: tensor([[0.7080, 0.3900, 0.8220, 0.6525],
        [0.0036, 0.6140, 0.7893, 0.8880],
        [0.2619, 0.3200, 0.6598, 1.0000],
        [0.0020, 0.3003, 0.9940, 0.7928],
        [0.1000, 0.5499, 0.5340, 0.8348],
        [0.0100, 0.2021, 1.0000, 1.0000],
        [0.3640, 0.5093, 0.5140, 0.6187],
        [0.4177, 0.6060, 0.8983, 0.9840]], dtype=torch.float64)
 Prediction: tensor([[ 0.7043,  0.3950,  0.8165,  0.6437],
        [-0.0134,  0.6413,  0.7725,  0.8930],
        [ 0.2644,  0.3262,  0.6531,  1.0037],
        [-0.0095,  0.3032,  0.9994,  0.7991],
        [ 0.0863,  0.5659,  0.5390,  0.8443],
        [ 0.0109,  0.2117,  0.9950,  1.0000],
        [ 0.3431,  0.5123,  0.5096,  0.6323],
        [ 0.4192,  0.6121,  0.9015,  0.9895]], device='cuda:0')
 Loss: 5.001113584502883e-05
 IOU: [0.8754456513385409, 0.8492641222824069, 0.962767042555099, 0.9652226405292191, 0.8775576556985805, 0.9821527645765681, 0.7414235602007284, 0.9605999349235335]
Filename: ['cat_2010_001418.jpg', 'horse_2010_004477.jpg', 'dog_2010_005245.jpg', 'aeroplane_2009_000133.jpg', 'sofa_2010_004109.jpg', 'horse_2010_003297.jpg', 'dog_2010_004121.jpg', 'dog_2008_006870.jpg']
 Target: tensor([[0.0020, 0.1280, 0.6460, 1.0000],
        [0.6440, 0.4773, 0.7560, 0.8507],
        [0.3951, 0.4660, 0.5477, 0.6780],
        [0.2220, 0.5275, 0.7660, 0.8571],
        [0.4960, 0.2328, 1.0000, 0.9970],
        [0.3260, 0.3522, 0.6980, 0.8537],
        [0.0320, 0.1600, 0.9660, 0.9227],
        [0.3880, 0.4827, 0.8380, 0.9413]], dtype=torch.float64)
 Prediction: tensor([[0.0028, 0.1367, 0.6436, 0.9758],
        [0.6007, 0.4672, 0.7542, 0.8540],
        [0.3891, 0.4683, 0.5580, 0.6905],
        [0.2107, 0.5405, 0.7653, 0.8691],
        [0.4963, 0.2363, 0.9982, 0.9924],
        [0.3253, 0.3613, 0.6933, 0.8487],
        [0.0242, 0.1651, 0.9707, 0.9185],
        [0.3865, 0.5007, 0.8378, 0.9512]], device='cuda:0')
 Loss: 6.440242815329287e-05
 IOU: [0.9575292907880562, 0.6849898676541111, 0.8448866065613988, 0.9075264909855285, 0.9853495171864994, 0.9581018175408522, 0.9748821904162023, 0.9369548556631409]
Filename: ['dog_2009_004772.jpg', 'diningtable_2010_005493.jpg', 'motorbike_2011_001290.jpg', 'horse_2009_002684.jpg', 'dog_2009_003271.jpg', 'diningtable_2009_000058.jpg', 'aeroplane_2008_002977.jpg', 'bicycle_2010_000462.jpg']
 Target: tensor([[0.0027, 0.1020, 0.7520, 1.0000],
        [0.6027, 0.0700, 1.0000, 0.8640],
        [0.1100, 0.1227, 0.7500, 0.8293],
        [0.1351, 0.1440, 1.0000, 1.0000],
        [0.1860, 0.4427, 0.2980, 0.6373],
        [0.0027, 0.6620, 1.0000, 1.0000],
        [0.0020, 0.0027, 0.9880, 1.0000],
        [0.3160, 0.5922, 0.5140, 1.0000]], dtype=torch.float64)
 Prediction: tensor([[ 0.0036,  0.1067,  0.7446,  0.9964],
        [ 0.6160,  0.0710,  1.0033,  0.8580],
        [ 0.1138,  0.1266,  0.7340,  0.8302],
        [ 0.1384,  0.1441,  1.0038,  1.0083],
        [ 0.1689,  0.4548,  0.3001,  0.6435],
        [-0.0082,  0.6791,  0.9932,  1.0041],
        [ 0.0035,  0.0133,  0.9737,  0.9891],
        [ 0.2993,  0.5973,  0.5097,  1.0008]], device='cuda:0')
 Loss: 3.7744784195151134e-05
 IOU: [0.9797708196279222, 0.9502243691298103, 0.9624462819094503, 0.982215963596083, 0.7824466255881194, 0.9221365830698088, 0.962618845574369, 0.8903344709754732]
Filename: ['diningtable_2010_005046.jpg', 'dog_2008_006032.jpg', 'bicycle_2008_006467.jpg', 'aeroplane_2010_004557.jpg', 'diningtable_2010_003971.jpg', 'dog_2010_004227.jpg', 'dog_2008_007455.jpg', 'motorbike_2011_002786.jpg']
 Target: tensor([[0.0021, 0.7594, 0.9729, 0.9975],
        [0.1622, 0.4120, 0.8889, 1.0000],
        [0.0900, 0.3423, 0.7180, 0.9429],
        [0.3080, 0.1682, 0.9860, 0.5015],
        [0.3309, 0.4460, 1.0000, 1.0000],
        [0.0928, 0.0820, 1.0000, 1.0000],
        [0.0020, 0.0027, 1.0000, 0.7013],
        [0.1480, 0.0031, 0.7660, 1.0000]], dtype=torch.float64)
 Prediction: tensor([[-1.6061e-02,  7.8476e-01,  9.7479e-01,  1.0132e+00],
        [ 1.5064e-01,  4.3404e-01,  8.9279e-01,  1.0161e+00],
        [ 8.0267e-02,  3.6460e-01,  7.0756e-01,  9.4854e-01],
        [ 2.9982e-01,  1.6374e-01,  1.0009e+00,  4.9285e-01],
        [ 3.1868e-01,  4.6664e-01,  1.0024e+00,  1.0024e+00],
        [ 8.5959e-02,  8.0155e-02,  1.0066e+00,  1.0007e+00],
        [ 8.5583e-03, -2.8381e-04,  1.0045e+00,  6.6320e-01],
        [ 1.4359e-01,  1.5931e-02,  7.5549e-01,  9.9259e-01]], device='cuda:0')
 Loss: 9.039731381811092e-05
 IOU: [0.8227777899891517, 0.9181080790965684, 0.9245213490686552, 0.9304941932157264, 0.9388325283540877, 0.982648938907436, 0.9312705415977687, 0.9563898814075149]
Filename: ['aeroplane_2010_005632.jpg', 'dog_2010_003321.jpg', 'bicycle_2009_002119.jpg', 'boat_2008_005855.jpg', 'horse_2010_005595.jpg', 'cat_2009_004261.jpg', 'sofa_2008_001694.jpg', 'boat_2008_005512.jpg']
 Target: tensor([[0.1111, 0.4013, 0.8933, 0.7926],
        [0.2687, 0.3111, 0.5125, 0.7556],
        [0.0740, 0.1032, 0.9020, 0.9537],
        [0.0020, 0.6587, 1.0000, 0.8107],
        [0.2747, 0.3800, 0.7493, 0.6220],
        [0.2040, 0.0027, 1.0000, 1.0000],
        [0.2300, 0.4865, 0.8160, 0.8108],
        [0.3840, 0.1360, 0.7180, 0.7147]], dtype=torch.float64)
 Prediction: tensor([[ 0.0928,  0.4199,  0.9009,  0.8087],
        [ 0.2627,  0.3145,  0.5094,  0.7583],
        [ 0.0733,  0.1044,  0.8962,  0.9533],
        [-0.0183,  0.6730,  1.0050,  0.8060],
        [ 0.2739,  0.3866,  0.7500,  0.6230],
        [ 0.2080,  0.0126,  1.0035,  0.9910],
        [ 0.2225,  0.4912,  0.8087,  0.8155],
        [ 0.3930,  0.1385,  0.7332,  0.7016]], device='cuda:0')
 Loss: 4.146991998656146e-05
 IOU: [0.8872016877387716, 0.9503503251348431, 0.9903320749467648, 0.8559958823216585, 0.9659442703599321, 0.9719154468836175, 0.9475644806895619, 0.9067444866058808]
Filename: ['dog_2010_000098.jpg', 'bicycle_2011_002913.jpg', 'cat_2010_002573.jpg', 'motorbike_2008_006989.jpg', 'sofa_2009_001190.jpg', 'aeroplane_2009_004153.jpg', 'cat_2008_006561.jpg', 'sofa_2009_002998.jpg']
 Target: tensor([[0.2920, 0.4107, 0.8380, 0.9413],
        [0.0360, 0.0030, 0.7360, 1.0000],
        [0.1260, 0.2107, 0.6840, 0.9387],
        [0.5140, 0.4320, 0.8120, 0.6933],
        [0.0020, 0.3867, 1.0000, 1.0000],
        [0.4340, 0.4587, 0.5460, 0.6053],
        [0.0020, 0.0721, 0.6480, 0.9099],
        [0.0027, 0.7280, 1.0000, 1.0000]], dtype=torch.float64)
 Prediction: tensor([[ 0.2605,  0.4164,  0.8313,  0.9432],
        [ 0.0396,  0.0054,  0.7250,  0.9966],
        [ 0.1256,  0.2149,  0.6864,  0.9284],
        [ 0.5007,  0.4296,  0.8124,  0.6984],
        [-0.0034,  0.4204,  0.9969,  1.0018],
        [ 0.4188,  0.4608,  0.5532,  0.6162],
        [-0.0021,  0.0696,  0.6487,  0.8942],
        [-0.0202,  0.7529,  0.9959,  1.0079]], device='cuda:0')
 Loss: 7.247312189271021e-05
 IOU: [0.9211157724652739, 0.9735913322247297, 0.9751172123818228, 0.9294296093556043, 0.9345727164627239, 0.7662803454154863, 0.9714442626510245, 0.861153135860752]
Filename: ['motorbike_2008_001168.jpg', 'motorbike_2010_000929.jpg', 'dog_2008_000620.jpg', 'bicycle_2008_001914.jpg', 'bicycle_2008_005356.jpg', 'boat_2008_002625.jpg', 'bicycle_2008_003395.jpg', 'boat_2009_000828.jpg']
 Target: tensor([[0.0020, 0.0667, 0.9800, 0.7893],
        [0.2844, 0.5580, 0.4671, 0.6540],
        [0.4100, 0.6172, 0.6540, 1.0000],
        [0.3080, 0.7067, 0.9480, 1.0000],
        [0.1220, 0.0480, 0.8540, 0.9733],
        [0.2080, 0.1291, 0.8740, 0.8799],
        [0.3013, 0.7440, 0.7040, 0.9940],
        [0.3480, 0.3215, 0.8820, 0.8024]], dtype=torch.float64)
 Prediction: tensor([[-0.0076,  0.0637,  0.9790,  0.7875],
        [ 0.2538,  0.5709,  0.4535,  0.6752],
        [ 0.3859,  0.6273,  0.6445,  1.0079],
        [ 0.2790,  0.7189,  0.9442,  1.0073],
        [ 0.1171,  0.0494,  0.8577,  0.9754],
        [ 0.2161,  0.1273,  0.8746,  0.8620],
        [ 0.2809,  0.7390,  0.6939,  0.9926],
        [ 0.3447,  0.3323,  0.8910,  0.7888]], device='cuda:0')
 Loss: 7.981069361089806e-05
 IOU: [0.9828254104976512, 0.5780083111566177, 0.8367134822200311, 0.890801160281255, 0.9847362682302997, 0.96105017420766, 0.90540369145258, 0.92901556105649]
Filename: ['horse_2009_003822.jpg', 'sofa_2009_004076.jpg', 'horse_2008_007612.jpg', 'dog_2008_000931.jpg', 'boat_2010_000906.jpg', 'horse_2009_001355.jpg', 'dog_2009_001224.jpg', 'dog_2010_004461.jpg']
 Target: tensor([[0.0160, 0.0172, 0.9140, 0.9804],
        [0.0020, 0.0030, 1.0000, 1.0000],
        [0.4234, 0.4400, 1.0000, 0.8660],
        [0.0660, 0.1220, 0.8680, 0.7857],
        [0.3180, 0.2619, 0.7280, 0.6958],
        [0.3940, 0.6516, 0.6680, 0.9027],
        [0.1560, 0.0533, 0.4840, 0.7013],
        [0.4200, 0.0027, 1.0000, 0.9440]], dtype=torch.float64)
 Prediction: tensor([[0.0238, 0.0218, 0.9097, 0.9766],
        [0.0043, 0.0127, 1.0008, 0.9932],
        [0.4006, 0.4449, 0.9875, 0.8691],
        [0.0557, 0.1198, 0.8714, 0.7883],
        [0.3220, 0.2664, 0.7325, 0.6860],
        [0.3741, 0.6497, 0.6748, 0.9092],
        [0.1597, 0.0573, 0.4597, 0.6812],
        [0.4259, 0.0104, 1.0036, 0.9386]], device='cuda:0')
 Loss: 4.536643859126391e-05
 IOU: [0.9778360018874495, 0.9804790170108277, 0.9241113035170634, 0.9762461424160107, 0.9474596197685021, 0.881796739823826, 0.8804953341483623, 0.9700533033005956]
Filename: ['dog_2008_001550.jpg', 'cat_2010_004646.jpg', 'boat_2008_000235.jpg', 'diningtable_2011_001526.jpg', 'aeroplane_2010_003723.jpg', 'dog_2008_004931.jpg', 'cow_2008_008428.jpg', 'cat_2008_007176.jpg']
 Target: tensor([[0.6060, 0.1230, 0.9100, 0.9508],
        [0.4180, 0.3754, 0.5040, 0.5165],
        [0.2220, 0.4560, 0.9760, 0.7413],
        [0.1100, 0.5867, 1.0000, 1.0000],
        [0.1280, 0.1387, 0.9240, 0.6907],
        [0.3400, 0.3493, 0.6540, 0.8827],
        [0.0624, 0.1000, 0.9439, 0.9580],
        [0.1740, 0.2187, 0.8500, 0.6560]], dtype=torch.float64)
 Prediction: tensor([[0.6189, 0.1244, 0.9119, 0.9385],
        [0.4114, 0.3730, 0.5114, 0.5195],
        [0.2100, 0.4686, 0.9863, 0.7425],
        [0.0831, 0.5945, 1.0049, 1.0078],
        [0.1257, 0.1386, 0.9310, 0.6912],
        [0.3382, 0.3504, 0.6473, 0.8734],
        [0.0502, 0.0911, 0.9462, 0.9607],
        [0.1806, 0.2312, 0.8523, 0.6380]], device='cuda:0')
 Loss: 4.187000412986919e-05
 IOU: [0.9360590134751148, 0.8284019654776277, 0.9260024158598368, 0.9301140673348542, 0.9872808029511655, 0.954226942291409, 0.9707377203248714, 0.9181140451252151]
Filename: ['bicycle_2011_000585.jpg', 'dog_2010_003351.jpg', 'sofa_2008_006436.jpg', 'cow_2010_002431.jpg', 'cat_2010_005886.jpg', 'aeroplane_2010_006023.jpg', 'cat_2009_002855.jpg', 'aeroplane_2008_008247.jpg']
 Target: tensor([[0.2096, 0.2120, 0.8555, 0.6220],
        [0.3120, 0.0027, 1.0000, 1.0000],
        [0.0020, 0.0030, 0.6960, 0.6328],
        [0.5760, 0.3280, 0.6800, 0.3800],
        [0.1900, 0.5090, 0.4740, 0.8193],
        [0.1360, 0.2061, 0.5120, 0.4758],
        [0.0020, 0.0030, 1.0000, 1.0000],
        [0.1780, 0.4505, 0.2920, 0.5225]], dtype=torch.float64)
 Prediction: tensor([[ 2.1508e-01,  2.1915e-01,  8.5748e-01,  6.2315e-01],
        [ 3.1044e-01, -1.2215e-02,  1.0198e+00,  1.0063e+00],
        [ 4.9454e-04, -7.9158e-04,  6.7535e-01,  6.1533e-01],
        [ 5.6568e-01,  3.2311e-01,  6.9002e-01,  3.8468e-01],
        [ 1.7706e-01,  5.2352e-01,  4.6901e-01,  8.2560e-01],
        [ 1.3062e-01,  2.0033e-01,  4.7990e-01,  4.6097e-01],
        [-3.1031e-03,  2.5581e-03,  1.0060e+00,  9.9808e-01],
        [ 1.5453e-01,  4.5613e-01,  2.6909e-01,  5.1771e-01]], device='cuda:0')
 Loss: 7.333883182924753e-05
 IOU: [0.9686887445533476, 0.9497494940237211, 0.9358496245310225, 0.7063867090730949, 0.8799118292741582, 0.8366595208446661, 0.9866069433327186, 0.5805311546765518]
Filename: ['dog_2010_002042.jpg', 'dog_2010_003884.jpg', 'cat_2010_002625.jpg', 'horse_2009_004606.jpg', 'horse_2008_002509.jpg', 'cow_2009_001475.jpg', 'aeroplane_2009_002808.jpg', 'dog_2008_002430.jpg']
 Target: tensor([[0.2560, 0.2107, 0.7540, 0.7733],
        [0.0187, 0.4160, 1.0000, 1.0000],
        [0.0020, 0.2950, 0.4260, 0.8100],
        [0.0030, 0.1180, 0.9159, 1.0000],
        [0.3203, 0.2300, 0.7350, 1.0000],
        [0.0660, 0.0753, 0.9940, 1.0000],
        [0.0060, 0.0320, 1.0000, 0.9140],
        [0.0620, 0.3537, 0.1880, 0.6463]], dtype=torch.float64)
 Prediction: tensor([[ 0.2505,  0.2208,  0.7327,  0.7467],
        [ 0.0129,  0.4317,  1.0001,  1.0030],
        [-0.0056,  0.2970,  0.4272,  0.8053],
        [ 0.0054,  0.1234,  0.9174,  1.0007],
        [ 0.3163,  0.2333,  0.7276,  0.9972],
        [ 0.0649,  0.0848,  0.9811,  0.9961],
        [ 0.0048,  0.0341,  0.9989,  0.9151],
        [ 0.0437,  0.3645,  0.1677,  0.6382]], device='cuda:0')
 Loss: 4.7024601469280715e-05
 IOU: [0.8856283225666409, 0.962434239498952, 0.9671705444307755, 0.9888784516520946, 0.9651942521318261, 0.9707888685670091, 0.994121035114552, 0.6905519020813787]
Filename: ['cat_2009_002141.jpg', 'diningtable_2009_004032.jpg', 'cat_2008_000581.jpg', 'boat_2009_001544.jpg', 'dog_2010_005716.jpg', 'cat_2008_006462.jpg', 'boat_2011_002661.jpg', 'boat_2010_003117.jpg']
 Target: tensor([[0.1300, 0.0027, 1.0000, 0.9467],
        [0.0540, 0.5840, 0.9180, 1.0000],
        [0.0027, 0.2300, 0.6987, 0.7460],
        [0.1460, 0.5826, 1.0000, 0.9670],
        [0.0025, 0.1600, 0.8000, 1.0000],
        [0.2320, 0.3227, 0.7140, 0.8800],
        [0.0027, 0.0020, 1.0000, 0.9980],
        [0.1060, 0.0535, 0.6440, 0.6471]], dtype=torch.float64)
 Prediction: tensor([[ 0.1277,  0.0110,  1.0050,  0.9455],
        [ 0.0417,  0.5938,  0.9147,  1.0051],
        [ 0.0024,  0.2432,  0.6856,  0.7458],
        [ 0.1145,  0.6050,  1.0088,  0.9578],
        [ 0.0120,  0.1791,  0.7980,  0.9929],
        [ 0.2181,  0.3308,  0.7124,  0.8781],
        [ 0.0014, -0.0074,  1.0163,  0.9982],
        [ 0.1062,  0.0564,  0.6537,  0.6316]], device='cuda:0')
 Loss: 6.026099405830338e-05
 IOU: [0.9817925166930094, 0.9478099643240464, 0.9554842635817823, 0.879857493383011, 0.9548391664953823, 0.9516603097437192, 0.9732665532406347, 0.9519472200718736]
Filename: ['dog_2010_004967.jpg', 'aeroplane_2011_000163.jpg', 'dog_2009_000953.jpg', 'cat_2010_001994.jpg', 'aeroplane_2011_001624.jpg', 'aeroplane_2011_000276.jpg', 'cat_2008_004006.jpg', 'boat_2008_001516.jpg']
 Target: tensor([[0.2860, 0.0027, 0.8260, 0.6827],
        [0.3280, 0.2713, 0.6700, 0.6512],
        [0.2800, 0.0781, 1.0000, 1.0000],
        [0.2160, 0.0180, 0.7387, 0.8160],
        [0.2300, 0.3947, 0.7060, 0.5947],
        [0.0020, 0.1040, 1.0000, 0.8347],
        [0.0020, 0.0027, 1.0000, 1.0000],
        [0.0980, 0.0030, 0.8840, 1.0000]], dtype=torch.float64)
 Prediction: tensor([[ 0.3015,  0.0075,  0.8345,  0.6651],
        [ 0.3159,  0.2621,  0.6789,  0.6635],
        [ 0.2802,  0.0817,  1.0056,  0.9989],
        [ 0.2253,  0.0080,  0.7255,  0.7996],
        [ 0.2335,  0.4073,  0.7075,  0.5977],
        [-0.0044,  0.1025,  1.0047,  0.8306],
        [ 0.0042,  0.0086,  1.0031,  0.9965],
        [ 0.1080,  0.0116,  0.8716,  0.9860]], device='cuda:0')
 Loss: 4.1123003950810523e-05
 IOU: [0.925209848546956, 0.8914234962953851, 0.9870240794114501, 0.9262474982688869, 0.9133626180132702, 0.9815463796349743, 0.98527762256917, 0.9495231189541653]
Filename: ['motorbike_2008_004668.jpg', 'bicycle_2009_005178.jpg', 'aeroplane_2008_001719.jpg', 'dog_2008_000815.jpg', 'boat_2008_001945.jpg', 'boat_2010_002565.jpg', 'bicycle_2010_003350.jpg', 'dog_2008_002441.jpg']
 Target: tensor([[0.0240, 0.0747, 0.9100, 1.0000],
        [0.0780, 0.0791, 0.9140, 0.9496],
        [0.0980, 0.0871, 0.7520, 0.9129],
        [0.5040, 0.5947, 0.6020, 0.6907],
        [0.3560, 0.5285, 0.4560, 0.6637],
        [0.0780, 0.0030, 0.8160, 0.8675],
        [0.0220, 0.0541, 0.9620, 0.8288],
        [0.0960, 0.1333, 0.7340, 1.0000]], dtype=torch.float64)
 Prediction: tensor([[0.0158, 0.0780, 0.9033, 1.0004],
        [0.0725, 0.0767, 0.9177, 0.9542],
        [0.0853, 0.0835, 0.7444, 0.9128],
        [0.5231, 0.6170, 0.5769, 0.6430],
        [0.3444, 0.5174, 0.4853, 0.6739],
        [0.0823, 0.0083, 0.8105, 0.8551],
        [0.0212, 0.0504, 0.9612, 0.8199],
        [0.1035, 0.1465, 0.7196, 0.9938]], device='cuda:0')
 Loss: 9.702349222545881e-05
 IOU: [0.9794857580273592, 0.9811644437961867, 0.9652993533136437, 0.14872436701451197, 0.61275747272088, 0.9665800864500591, 0.9821664342523561, 0.9442197827770193]
Filename: ['cow_2010_001692.jpg', 'bicycle_2010_000632.jpg', 'dog_2010_005475.jpg', 'cat_2010_002086.jpg', 'cow_2008_008541.jpg', 'boat_2009_000093.jpg', 'dog_2010_005083.jpg', 'cat_2010_003238.jpg']
 Target: tensor([[0.3844, 0.3550, 1.0000, 0.9970],
        [0.2840, 0.2213, 0.4360, 0.5520],
        [0.2207, 0.3044, 1.0000, 1.0000],
        [0.2240, 0.0090, 0.8060, 0.9970],
        [0.0453, 0.1720, 0.7520, 0.8900],
        [0.0020, 0.0722, 0.9000, 0.7540],
        [0.0382, 0.0460, 0.9663, 1.0000],
        [0.0020, 0.0027, 1.0000, 1.0000]], dtype=torch.float64)
 Prediction: tensor([[ 0.3802,  0.3668,  0.9929,  1.0023],
        [ 0.2733,  0.2251,  0.4121,  0.5430],
        [ 0.2115,  0.3028,  1.0095,  1.0120],
        [ 0.2301,  0.0198,  0.8039,  0.9884],
        [ 0.0419,  0.1816,  0.7380,  0.8853],
        [-0.0120,  0.0827,  0.9174,  0.7299],
        [ 0.0428,  0.0507,  0.9620,  0.9853],
        [ 0.0028,  0.0082,  0.9971,  0.9891]], device='cuda:0')
 Loss: 5.501753137104245e-05
 IOU: [0.9560785820142266, 0.7585860041719832, 0.9577225198131528, 0.966711481938131, 0.9560277246218419, 0.9186218696242752, 0.9702486763400784, 0.9798706602813321]
Filename: ['dog_2010_001601.jpg', 'aeroplane_2011_002675.jpg', 'bicycle_2008_002880.jpg', 'dog_2009_004828.jpg', 'motorbike_2011_001876.jpg', 'diningtable_2008_008330.jpg', 'dog_2008_007735.jpg', 'sofa_2008_001787.jpg']
 Target: tensor([[0.3660, 0.1733, 0.7040, 0.9653],
        [0.0900, 0.1653, 0.8900, 0.9147],
        [0.4521, 0.4900, 0.7605, 0.6020],
        [0.2520, 0.0024, 0.7620, 0.9327],
        [0.3020, 0.3213, 0.9980, 1.0000],
        [0.5787, 0.2580, 0.9493, 0.4580],
        [0.1680, 0.2213, 0.9000, 0.7600],
        [0.0220, 0.7173, 1.0000, 1.0000]], dtype=torch.float64)
 Prediction: tensor([[0.3638, 0.1799, 0.6956, 0.9597],
        [0.0870, 0.1753, 0.8902, 0.9199],
        [0.4382, 0.4847, 0.7626, 0.6186],
        [0.2606, 0.0020, 0.7597, 0.9254],
        [0.3009, 0.3599, 0.9906, 1.0143],
        [0.5648, 0.2540, 0.9590, 0.4565],
        [0.1785, 0.2288, 0.9009, 0.7580],
        [0.0105, 0.7280, 0.9964, 1.0051]], device='cuda:0')
 Loss: 5.3532438898818366e-05
 IOU: [0.9541311044889109, 0.9760000603414882, 0.7955253880433041, 0.9706375873988338, 0.9126559254426773, 0.915568996438663, 0.9670910337308836, 0.9310303770887703]
Filename: ['dog_2010_002924.jpg', 'diningtable_2011_002348.jpg', 'aeroplane_2011_002248.jpg', 'cow_2009_002002.jpg', 'sofa_2010_001763.jpg', 'cat_2009_005299.jpg', 'diningtable_2008_003534.jpg', 'cat_2008_007888.jpg']
 Target: tensor([[0.0420, 0.0308, 0.8760, 1.0000],
        [0.1060, 0.6987, 0.9980, 1.0000],
        [0.0020, 0.0031, 1.0000, 1.0000],
        [0.2140, 0.3005, 0.8260, 0.7525],
        [0.0140, 0.1194, 0.9280, 0.9254],
        [0.0540, 0.1493, 1.0000, 0.7707],
        [0.2840, 0.6000, 1.0000, 1.0000],
        [0.0020, 0.0031, 1.0000, 0.9600]], dtype=torch.float64)
 Prediction: tensor([[ 0.0477,  0.0356,  0.8745,  0.9971],
        [ 0.0866,  0.7110,  1.0047,  1.0029],
        [-0.0016,  0.0020,  1.0053,  1.0032],
        [ 0.1841,  0.2931,  0.8197,  0.7518],
        [ 0.0141,  0.1284,  0.9225,  0.9262],
        [ 0.0547,  0.1551,  1.0053,  0.7541],
        [ 0.2745,  0.6030,  0.9984,  1.0088],
        [ 0.0014,  0.0034,  0.9979,  0.9574]], device='cuda:0')
 Loss: 3.6420213352651484e-05
 IOU: [0.9834684275378798, 0.9240052279053858, 0.9870316030301599, 0.9271485553273721, 0.9817233334788413, 0.9581694419882671, 0.9563711257874876, 0.9941240108124835]
Filename: ['aeroplane_2011_000531.jpg', 'diningtable_2010_003625.jpg', 'motorbike_2009_005155.jpg', 'cat_2010_004346.jpg', 'horse_2008_004696.jpg', 'cat_2010_003863.jpg', 'cat_2010_002594.jpg', 'dog_2010_000484.jpg']
 Target: tensor([[0.0020, 0.3063, 1.0000, 0.9339],
        [0.0029, 0.7160, 1.0000, 1.0000],
        [0.0520, 0.3400, 0.9540, 0.9200],
        [0.0020, 0.1093, 0.9000, 0.7840],
        [0.0030, 0.0020, 0.7928, 0.9700],
        [0.2320, 0.0027, 0.9320, 0.9973],
        [0.1000, 0.1520, 0.8580, 0.9653],
        [0.1982, 0.1960, 0.8018, 0.8980]], dtype=torch.float64)
 Prediction: tensor([[-0.0081,  0.3163,  1.0007,  0.9410],
        [-0.0156,  0.7279,  0.9992,  1.0119],
        [ 0.0419,  0.3713,  0.9471,  0.9337],
        [ 0.0102,  0.1210,  0.8903,  0.7760],
        [ 0.0029,  0.0028,  0.7974,  0.9640],
        [ 0.2400,  0.0105,  0.9368,  0.9912],
        [ 0.0942,  0.1604,  0.8615,  0.9576],
        [ 0.1935,  0.1990,  0.7975,  0.8967]], device='cuda:0')
 Loss: 4.735061659554472e-05
 IOU: [0.9629569019017634, 0.9027324222954096, 0.907673471928839, 0.9514791087711318, 0.9871181857035598, 0.968224545898075, 0.9684323830336018, 0.9791253262680566]
Filename: ['cat_2008_005309.jpg', 'diningtable_2009_000257.jpg']
 Target: tensor([[0.2800, 0.0027, 1.0000, 0.7547],
        [0.0020, 0.5285, 1.0000, 1.0000]], dtype=torch.float64)
 Prediction: tensor([[ 0.2824,  0.0084,  1.0025,  0.7377],
        [-0.0211,  0.5458,  1.0018,  1.0042]], device='cuda:0')
 Loss: 7.423973384059099e-05
 IOU: [0.9632909003573499, 0.9323912999625912]
---------------------------EVAL on ALL 354 overfit-train-images---------------------------

Transformer accuracy with PASCAL-criterium on overfit set: 352/354, percentage: 0.9943502824858758

Mean model accuracy with PASCAL-criterium on overfit set: 114/354, percentage: 0.3220338983050847

Median model accuracy with PASCAL-criterium on overfit set: 184/354, percentage: 0.519774011299435

Mean IOU is 0.9258319528319656

   Results saved to file:  /zhome/ba/f/147212/BA/eyeFormer_ViT_t/timm_scripts/all_classes/L_354_nL_1_nH_1/all_classes/all_classes_test_on_train_results.pth
FOUND DEVICE:  cuda:0
Total length is:  6270
Overwrote trainloader with overfit-set of length 354
Valloader of constant length 58
-----------------------------------------------------------------------------
Model parameters:
 tL: 354
 vL: 58
lrf: 1
NEPOCHS: 500
 num_warmup: 7138
 Dropout: 0.0
 Beta: 1
 NHEADS: 1
 NLAYERS: 3 
 BATCH-SIZE: 8
ACTUAL TRAINLOADER LENS 45 354
